<?xml version="1.0" encoding="UTF-8"?>
<!-- Generated by org.testng.reporters.JUnitReportReporter -->
<testsuite skipped="0" hostname="ibi115" name="TestScripts.Dashboard" tests="5" failures="0" timestamp="02 Apr 2019 12:49:34 GMT" time="1796.928" errors="0">
  <testcase name="ToVerifyAllActionsInMySignedItems" time="304.638" classname="TestScripts.Dashboard"/>
  <testcase name="ToVerifyAllActionsInWaitingForOthers" time="486.108" classname="TestScripts.Dashboard"/>
  <testcase name="ToVerifyAllActionsOfInPersonSigning" time="227.267" classname="TestScripts.Dashboard"/>
  <testcase name="ToVerifyAllActionsInNeedToVerify" time="431.687" classname="TestScripts.Dashboard"/>
  <testcase name="ToVerifyAllActionsInArchivedItems" time="347.228" classname="TestScripts.Dashboard"/>
</testsuite> <!-- TestScripts.Dashboard -->
