<?xml version="1.0" encoding="UTF-8"?>
<!-- Generated by org.testng.reporters.JUnitReportReporter -->
<testsuite skipped="0" hostname="ibi115" name="TestScripts.PersonalInformation" tests="1" failures="0" timestamp="22 Jan 2019 13:33:14 GMT" time="46.873" errors="0">
  <testcase name="UpdatePersonalInformation" time="46.873" classname="TestScripts.PersonalInformation"/>
</testsuite> <!-- TestScripts.PersonalInformation -->
