<?xml version="1.0" encoding="UTF-8"?>
<!-- Generated by org.testng.reporters.JUnitReportReporter -->
<testsuite skipped="0" hostname="ibi115" name="TestScripts.MyPreferences" tests="6" failures="0" timestamp="02 Apr 2019 12:49:34 GMT" time="493.962" errors="0">
  <testcase name="ToVerifyReceivedItems" time="163.048" classname="TestScripts.MyPreferences"/>
  <testcase name="ToUpdatePersonalInformation" time="83.687" classname="TestScripts.MyPreferences"/>
  <testcase name="ToVerifyChangePassword" time="48.998" classname="TestScripts.MyPreferences"/>
  <testcase name="ToVerifyAddressBook" time="67.592" classname="TestScripts.MyPreferences"/>
  <testcase name="ToVerifyIntialfunctionality" time="62.771" classname="TestScripts.MyPreferences"/>
  <testcase name="ToVerifySignaturefunctionality" time="67.866" classname="TestScripts.MyPreferences"/>
</testsuite> <!-- TestScripts.MyPreferences -->
