<?xml version="1.0" encoding="UTF-8"?>
<!-- Generated by org.testng.reporters.JUnitReportReporter -->
<testsuite skipped="0" hostname="ibi115" name="Company.Interview" tests="1" failures="0" timestamp="02 Jan 2019 04:58:51 GMT" time="0.016" errors="0">
  <testcase name="Stringreverse" time="0.016" classname="Company.Interview"/>
</testsuite> <!-- Company.Interview -->
