<?xml version="1.0" encoding="UTF-8"?>
<!-- Generated by org.testng.reporters.JUnitReportReporter -->
<testsuite skipped="0" hostname="ibi115" name="Company.NewTest" tests="1" failures="0" timestamp="05 Dec 2018 11:33:57 GMT" time="102.343" errors="0">
  <testcase name="CompanyUpdate" time="102.343" classname="Company.NewTest"/>
</testsuite> <!-- Company.NewTest -->
