<?xml version="1.0" encoding="UTF-8"?>
<!-- Generated by org.testng.reporters.JUnitReportReporter -->
<testsuite skipped="0" hostname="ibi115" name="TestScripts.SuperAdmin" tests="3" failures="0" timestamp="02 Apr 2019 12:49:34 GMT" time="421.814" errors="0">
  <testcase name="UserRegistration" time="51.079" classname="TestScripts.SuperAdmin"/>
  <testcase name="AllActionsOfUserAndCustomizeModule" time="214.929" classname="TestScripts.SuperAdmin"/>
  <testcase name="AllActionsOfCompanyModule" time="155.806" classname="TestScripts.SuperAdmin"/>
</testsuite> <!-- TestScripts.SuperAdmin -->
