<?xml version="1.0" encoding="UTF-8"?>
<!-- Generated by org.testng.reporters.JUnitReportReporter -->
<testsuite skipped="0" hostname="ibi115" name="TestScripts.Login" tests="1" failures="0" timestamp="02 Apr 2019 12:49:34 GMT" time="145.047" errors="0">
  <testcase name="ForgotPasswordAndUserRegistratation" time="145.047" classname="TestScripts.Login"/>
</testsuite> <!-- TestScripts.Login -->
